
> shadcn-admin@2.2.1 build
> tsc -b && vite build

newdesigns/CaseDetailsDashboard.tsx(3,5): error TS6133: 'ArrowRight' is declared but its value is never read.
newdesigns/CaseDetailsDashboard.tsx(5,5): error TS6133: 'CheckSquare' is declared but its value is never read.
newdesigns/CaseDetailsDashboard.tsx(8,5): error TS6133: 'Filter' is declared but its value is never read.
newdesigns/CaseDetailsDashboard.tsx(9,5): error TS6133: 'MoreHorizontal' is declared but its value is never read.
newdesigns/CaseDetailsDashboard.tsx(11,5): error TS6133: 'Search' is declared but its value is never read.
newdesigns/CaseDetailsDashboard.tsx(12,5): error TS6133: 'Settings' is declared but its value is never read.
newdesigns/CaseDetailsDashboard.tsx(20,5): error TS6133: 'Mail' is declared but its value is never read.
newdesigns/CaseDetailsDashboard.tsx(21,5): error TS6133: 'Phone' is declared but its value is never read.
newdesigns/CaseDetailsDashboard.tsx(23,5): error TS6133: 'ChevronRight' is declared but its value is never read.
newdesigns/CaseDetailsDashboard.tsx(24,5): error TS6133: 'ArrowLeft' is declared but its value is never read.
newdesigns/CaseDetailsDashboard.tsx(25,5): error TS6133: 'Gavel' is declared but its value is never read.
newdesigns/CaseDetailsDashboard.tsx(27,5): error TS6133: 'Shield' is declared but its value is never read.
newdesigns/CaseDetailsDashboard.tsx(30,5): error TS6133: 'Eye' is declared but its value is never read.
newdesigns/CaseDetailsDashboard.tsx(31,5): error TS6133: 'UserCheck' is declared but its value is never read.
newdesigns/CaseDetailsDashboard.tsx(40,1): error TS6192: All imports in import declaration are unused.
newdesigns/CaseDetailsDashboard.tsx(46,1): error TS6133: 'Input' is declared but its value is never read.
newdesigns/CaseDetailsDashboard.tsx(47,1): error TS6192: All imports in import declaration are unused.
newdesigns/EventsDashboard.tsx(3,16): error TS6133: 'User' is declared but its value is never read.
newdesigns/EventsDashboard.tsx(3,44): error TS6133: 'Zap' is declared but its value is never read.
newdesigns/EventsDashboard.tsx(4,18): error TS6133: 'Bell' is declared but its value is never read.
newdesigns/EventsDashboard.tsx(4,24): error TS6133: 'CheckCircle2' is declared but its value is never read.
newdesigns/ImprovedCalendarDashboard.tsx(14,17): error TS6133: 'CalendarIcon' is declared but its value is never read.
newdesigns/ImprovedCalendarDashboard.tsx(15,5): error TS6133: 'MoreHorizontal' is declared but its value is never read.
newdesigns/ImprovedCaseManagement.tsx(3,25): error TS6133: 'CheckSquare' is declared but its value is never read.
newdesigns/ImprovedCaseManagement.tsx(4,11): error TS6133: 'AlertCircle' is declared but its value is never read.
newdesigns/ImprovedCaseManagement.tsx(4,24): error TS6133: 'CheckCircle2' is declared but its value is never read.
newdesigns/ImprovedCaseManagement.tsx(4,45): error TS6133: 'Building' is declared but its value is never read.
newdesigns/ImprovedCaseManagement.tsx(4,55): error TS6133: 'Mail' is declared but its value is never read.
newdesigns/ImprovedCaseManagement.tsx(4,61): error TS6133: 'Phone' is declared but its value is never read.
newdesigns/ImprovedCaseManagement.tsx(5,5): error TS6133: 'ChevronRight' is declared but its value is never read.
newdesigns/ImprovedCaseManagement.tsx(5,19): error TS6133: 'Search' is declared but its value is never read.
newdesigns/ImprovedCaseManagement.tsx(5,53): error TS6133: 'Briefcase' is declared but its value is never read.
newdesigns/ImprovedCaseManagement.tsx(6,5): error TS6133: 'FileCheck' is declared but its value is never read.
newdesigns/ImprovedCaseManagement.tsx(14,1): error TS6133: 'Separator' is declared but its value is never read.
newdesigns/ImprovedTasksDashboard.tsx(38,30): error TS6133: 'setSelectedPriority' is declared but its value is never read.
newdesigns/ImprovedTasksDashboard.tsx(39,30): error TS6133: 'setSelectedAssignee' is declared but its value is never read.
newdesigns/InvoiceDashboard.tsx(4,5): error TS6133: 'Calendar' is declared but its value is never read.
newdesigns/InvoiceDashboard.tsx(4,15): error TS6133: 'Eye' is declared but its value is never read.
newdesigns/InvoiceDashboard.tsx(5,17): error TS6133: 'ArrowUpRight' is declared but its value is never read.
newdesigns/InvoiceDashboard.tsx(5,31): error TS6133: 'ArrowDownRight' is declared but its value is never read.
newdesigns/RemindersDashboard.tsx(2,47): error TS6133: 'FileText' is declared but its value is never read.
newdesigns/RemindersDashboard.tsx(3,5): error TS6133: 'Briefcase' is declared but its value is never read.
newdesigns/RemindersDashboard.tsx(3,16): error TS6133: 'User' is declared but its value is never read.
newdesigns/RemindersDashboard.tsx(3,22): error TS6133: 'Download' is declared but its value is never read.
newdesigns/RemindersDashboard.tsx(3,32): error TS6133: 'Smartphone' is declared but its value is never read.
newdesigns/RemindersDashboard.tsx(3,44): error TS6133: 'Shield' is declared but its value is never read.
newdesigns/RemindersDashboard.tsx(3,52): error TS6133: 'Zap' is declared but its value is never read.
newdesigns/RemindersDashboard.tsx(4,24): error TS6133: 'Calendar' is declared but its value is never read.
newdesigns/TimeEntriesDashboard.tsx(3,13): error TS6133: 'Filter' is declared but its value is never read.
src/components/CasesDashboard.tsx(2,63): error TS6133: 'Calendar' is declared but its value is never read.
src/components/layout/app-sidebar.tsx(25,12): error TS2322: Type '{ title: string; items: { title: string; url?: string | undefined; icon: ElementType<any, keyof IntrinsicElements>; items?: { title: string; url: string; }[] | undefined; }[]; key: string; }' is not assignable to type 'NavGroup'.
  Types of property 'items' are incompatible.
    Type '{ title: string; url?: string | undefined; icon: ElementType<any, keyof IntrinsicElements>; items?: { title: string; url: string; }[] | undefined; }[]' is not assignable to type 'NavItem[]'.
      Type '{ title: string; url?: string | undefined; icon: ElementType<any, keyof IntrinsicElements>; items?: { title: string; url: string; }[] | undefined; }' is not assignable to type 'NavItem'.
        Type '{ title: string; url?: string | undefined; icon: ElementType<any, keyof IntrinsicElements>; items?: { title: string; url: string; }[] | undefined; }' is not assignable to type 'NavCollapsible'.
          Type '{ title: string; url?: string | undefined; icon: ElementType<any, keyof IntrinsicElements>; items?: { title: string; url: string; }[] | undefined; }' is not assignable to type '{ items: (BaseNavItem & { url: (string & {}) | "/" | "/time-entries" | "/tasks" | "/task-details" | "/statements-history" | "/reminders" | "/legal-tasks" | "/invoices" | ... 69 more ... | undefined; })[]; url?: undefined; }'.
            Types of property 'items' are incompatible.
              Type '{ title: string; url: string; }[] | undefined' is not assignable to type '(BaseNavItem & { url: (string & {}) | "/" | "/time-entries" | "/tasks" | "/task-details" | "/statements-history" | "/reminders" | "/legal-tasks" | "/invoices" | ... 69 more ... | undefined; })[]'.
                Type 'undefined' is not assignable to type '(BaseNavItem & { url: (string & {}) | "/" | "/time-entries" | "/tasks" | "/task-details" | "/statements-history" | "/reminders" | "/legal-tasks" | "/invoices" | ... 69 more ... | undefined; })[]'.
src/features/auth/sign-up/components/sign-up-form.tsx(31,1): error TS6192: All imports in import declaration are unused.
src/features/auth/sign-up/components/sign-up-form.tsx(151,18): error TS2322: Type '"/login"' is not assignable to type '"/" | "/time-entries" | "/tasks" | "/task-details" | "/statements-history" | "/reminders" | "/legal-tasks" | "/invoices" | "/improved-tasks" | "/improved-case" | "/improved-calendar" | ... 65 more ... | ".."'.
src/features/cases/components/case-details-view.tsx(4,25): error TS6133: 'CheckSquare' is declared but its value is never read.
src/features/cases/components/case-details-view.tsx(5,11): error TS6133: 'AlertCircle' is declared but its value is never read.
src/features/cases/components/case-details-view.tsx(5,24): error TS6133: 'CheckCircle2' is declared but its value is never read.
src/features/cases/components/case-details-view.tsx(5,45): error TS6133: 'Building' is declared but its value is never read.
src/features/cases/components/case-details-view.tsx(5,55): error TS6133: 'Mail' is declared but its value is never read.
src/features/cases/components/case-details-view.tsx(5,61): error TS6133: 'Phone' is declared but its value is never read.
src/features/cases/components/case-details-view.tsx(6,5): error TS6133: 'ChevronRight' is declared but its value is never read.
src/features/cases/components/case-details-view.tsx(6,53): error TS6133: 'Briefcase' is declared but its value is never read.
src/features/cases/components/case-details-view.tsx(7,55): error TS6133: 'Share2' is declared but its value is never read.
src/features/cases/components/case-details-view.tsx(7,69): error TS6133: 'MapPin' is declared but its value is never read.
src/features/cases/components/case-details-view.tsx(8,17): error TS6133: 'TrendingUp' is declared but its value is never read.
src/features/cases/components/case-details-view.tsx(13,16): error TS6133: 'TabsContent' is declared but its value is never read.
src/features/cases/components/case-details-view.tsx(17,1): error TS6133: 'Input' is declared but its value is never read.
src/features/dashboard/components/calendar-view.tsx(14,17): error TS6133: 'CalendarIcon' is declared but its value is never read.
src/features/dashboard/components/calendar-view.tsx(15,5): error TS6133: 'MoreHorizontal' is declared but its value is never read.
src/features/finance/components/activity-details-view.tsx(1,1): error TS6133: 'useState' is declared but its value is never read.
src/features/finance/components/activity-details-view.tsx(3,5): error TS6133: 'FileText' is declared but its value is never read.
src/features/finance/components/activity-details-view.tsx(3,15): error TS6133: 'Calendar' is declared but its value is never read.
src/features/finance/components/activity-details-view.tsx(3,25): error TS6133: 'CheckSquare' is declared but its value is never read.
src/features/finance/components/activity-details-view.tsx(3,45): error TS6133: 'MoreHorizontal' is declared but its value is never read.
src/features/finance/components/activity-details-view.tsx(3,61): error TS6133: 'Plus' is declared but its value is never read.
src/features/finance/components/activity-details-view.tsx(3,67): error TS6133: 'Upload' is declared but its value is never read.
src/features/finance/components/activity-details-view.tsx(4,22): error TS6133: 'Briefcase' is declared but its value is never read.
src/features/finance/components/activity-details-view.tsx(5,5): error TS6133: 'History' is declared but its value is never read.
src/features/finance/components/activity-details-view.tsx(5,22): error TS6133: 'LinkIcon' is declared but its value is never read.
src/features/finance/components/activity-details-view.tsx(5,32): error TS6133: 'Flag' is declared but its value is never read.
src/features/finance/components/activity-details-view.tsx(5,38): error TS6133: 'Send' is declared but its value is never read.
src/features/finance/components/activity-details-view.tsx(5,44): error TS6133: 'Eye' is declared but its value is never read.
src/features/finance/components/activity-details-view.tsx(5,49): error TS6133: 'Download' is declared but its value is never read.
src/features/finance/components/activity-details-view.tsx(6,5): error TS6133: 'CreditCard' is declared but its value is never read.
src/features/finance/components/activity-details-view.tsx(6,17): error TS6133: 'DollarSign' is declared but its value is never read.
src/features/finance/components/activity-details-view.tsx(6,29): error TS6133: 'CheckCircle2' is declared but its value is never read.
src/features/finance/components/activity-details-view.tsx(6,43): error TS6133: 'AlertCircle' is declared but its value is never read.
src/features/finance/components/activity-details-view.tsx(11,1): error TS6192: All imports in import declaration are unused.
src/features/finance/components/activity-details-view.tsx(12,1): error TS6133: 'ScrollArea' is declared but its value is never read.
src/features/finance/components/activity-details-view.tsx(13,1): error TS6192: All imports in import declaration are unused.
src/features/finance/components/activity-details-view.tsx(14,1): error TS6133: 'Textarea' is declared but its value is never read.
src/features/finance/components/create-invoice-view.tsx(163,63): error TS6133: 'index' is declared but its value is never read.
src/features/finance/components/create-statement-view.tsx(3,17): error TS6133: 'Save' is declared but its value is never read.
src/features/finance/components/create-time-entry-view.tsx(4,26): error TS6133: 'CheckCircle' is declared but its value is never read.
src/features/finance/components/expense-details-view.tsx(1,1): error TS6133: 'useState' is declared but its value is never read.
src/features/finance/components/expense-details-view.tsx(3,5): error TS6133: 'FileText' is declared but its value is never read.
src/features/finance/components/expense-details-view.tsx(3,25): error TS6133: 'CheckSquare' is declared but its value is never read.
src/features/finance/components/expense-details-view.tsx(3,38): error TS6133: 'Clock' is declared but its value is never read.
src/features/finance/components/expense-details-view.tsx(3,45): error TS6133: 'MoreHorizontal' is declared but its value is never read.
src/features/finance/components/expense-details-view.tsx(3,61): error TS6133: 'Plus' is declared but its value is never read.
src/features/finance/components/expense-details-view.tsx(3,67): error TS6133: 'Upload' is declared but its value is never read.
src/features/finance/components/expense-details-view.tsx(4,22): error TS6133: 'Briefcase' is declared but its value is never read.
src/features/finance/components/expense-details-view.tsx(5,22): error TS6133: 'LinkIcon' is declared but its value is never read.
src/features/finance/components/expense-details-view.tsx(5,32): error TS6133: 'Flag' is declared but its value is never read.
src/features/finance/components/expense-details-view.tsx(5,38): error TS6133: 'Send' is declared but its value is never read.
src/features/finance/components/expense-details-view.tsx(5,44): error TS6133: 'Eye' is declared but its value is never read.
src/features/finance/components/expense-details-view.tsx(6,5): error TS6133: 'CreditCard' is declared but its value is never read.
src/features/finance/components/expense-details-view.tsx(6,17): error TS6133: 'DollarSign' is declared but its value is never read.
src/features/finance/components/expense-details-view.tsx(6,29): error TS6133: 'CheckCircle2' is declared but its value is never read.
src/features/finance/components/expense-details-view.tsx(6,43): error TS6133: 'AlertCircle' is declared but its value is never read.
src/features/finance/components/expense-details-view.tsx(11,1): error TS6192: All imports in import declaration are unused.
src/features/finance/components/expense-details-view.tsx(13,1): error TS6192: All imports in import declaration are unused.
src/features/finance/components/expense-details-view.tsx(14,1): error TS6133: 'Textarea' is declared but its value is never read.
src/features/finance/components/finance-sidebar.tsx(2,28): error TS6133: 'CheckCircle' is declared but its value is never read.
src/features/finance/components/invoice-dashboard.tsx(4,5): error TS6133: 'Calendar' is declared but its value is never read.
src/features/finance/components/invoice-dashboard.tsx(4,15): error TS6133: 'Eye' is declared but its value is never read.
src/features/finance/components/invoice-dashboard.tsx(5,17): error TS6133: 'ArrowUpRight' is declared but its value is never read.
src/features/finance/components/invoice-dashboard.tsx(5,31): error TS6133: 'ArrowDownRight' is declared but its value is never read.
src/features/finance/components/invoice-details-view.tsx(3,25): error TS6133: 'CheckSquare' is declared but its value is never read.
src/features/finance/components/invoice-details-view.tsx(3,45): error TS6133: 'MoreHorizontal' is declared but its value is never read.
src/features/finance/components/invoice-details-view.tsx(3,61): error TS6133: 'Plus' is declared but its value is never read.
src/features/finance/components/invoice-details-view.tsx(3,67): error TS6133: 'Upload' is declared but its value is never read.
src/features/finance/components/invoice-details-view.tsx(4,22): error TS6133: 'Briefcase' is declared but its value is never read.
src/features/finance/components/invoice-details-view.tsx(5,22): error TS6133: 'LinkIcon' is declared but its value is never read.
src/features/finance/components/invoice-details-view.tsx(5,32): error TS6133: 'Flag' is declared but its value is never read.
src/features/finance/components/invoice-details-view.tsx(5,44): error TS6133: 'Eye' is declared but its value is never read.
src/features/finance/components/invoice-details-view.tsx(6,5): error TS6133: 'CreditCard' is declared but its value is never read.
src/features/finance/components/invoice-details-view.tsx(6,17): error TS6133: 'DollarSign' is declared but its value is never read.
src/features/finance/components/invoice-details-view.tsx(6,29): error TS6133: 'CheckCircle2' is declared but its value is never read.
src/features/finance/components/invoice-details-view.tsx(6,43): error TS6133: 'AlertCircle' is declared but its value is never read.
src/features/finance/components/invoice-details-view.tsx(11,1): error TS6192: All imports in import declaration are unused.
src/features/finance/components/invoice-details-view.tsx(13,1): error TS6192: All imports in import declaration are unused.
src/features/finance/components/invoice-details-view.tsx(14,1): error TS6133: 'Textarea' is declared but its value is never read.
src/features/finance/components/invoice-details-view.tsx(26,12): error TS6133: 'activeTab' is declared but its value is never read.
src/features/finance/components/invoice-details-view.tsx(26,23): error TS6133: 'setActiveTab' is declared but its value is never read.
src/features/finance/components/invoices-dashboard.tsx(3,13): error TS6133: 'Filter' is declared but its value is never read.
src/features/finance/components/statement-details-view.tsx(1,1): error TS6133: 'useState' is declared but its value is never read.
src/features/finance/components/statement-details-view.tsx(3,5): error TS6133: 'FileText' is declared but its value is never read.
src/features/finance/components/statement-details-view.tsx(3,25): error TS6133: 'CheckSquare' is declared but its value is never read.
src/features/finance/components/statement-details-view.tsx(3,38): error TS6133: 'Clock' is declared but its value is never read.
src/features/finance/components/statement-details-view.tsx(3,45): error TS6133: 'MoreHorizontal' is declared but its value is never read.
src/features/finance/components/statement-details-view.tsx(3,61): error TS6133: 'Plus' is declared but its value is never read.
src/features/finance/components/statement-details-view.tsx(3,67): error TS6133: 'Upload' is declared but its value is never read.
src/features/finance/components/statement-details-view.tsx(4,5): error TS6133: 'User' is declared but its value is never read.
src/features/finance/components/statement-details-view.tsx(4,22): error TS6133: 'Briefcase' is declared but its value is never read.
src/features/finance/components/statement-details-view.tsx(5,5): error TS6133: 'History' is declared but its value is never read.
src/features/finance/components/statement-details-view.tsx(5,22): error TS6133: 'LinkIcon' is declared but its value is never read.
src/features/finance/components/statement-details-view.tsx(5,32): error TS6133: 'Flag' is declared but its value is never read.
src/features/finance/components/statement-details-view.tsx(5,38): error TS6133: 'Send' is declared but its value is never read.
src/features/finance/components/statement-details-view.tsx(5,44): error TS6133: 'Eye' is declared but its value is never read.
src/features/finance/components/statement-details-view.tsx(6,5): error TS6133: 'CreditCard' is declared but its value is never read.
src/features/finance/components/statement-details-view.tsx(6,29): error TS6133: 'CheckCircle2' is declared but its value is never read.
src/features/finance/components/statement-details-view.tsx(6,43): error TS6133: 'AlertCircle' is declared but its value is never read.
src/features/finance/components/statement-details-view.tsx(11,1): error TS6192: All imports in import declaration are unused.
src/features/finance/components/statement-details-view.tsx(12,1): error TS6133: 'ScrollArea' is declared but its value is never read.
src/features/finance/components/statement-details-view.tsx(13,1): error TS6192: All imports in import declaration are unused.
src/features/finance/components/statement-details-view.tsx(14,1): error TS6133: 'Textarea' is declared but its value is never read.
src/features/finance/components/time-entry-details-view.tsx(1,1): error TS6133: 'useState' is declared but its value is never read.
src/features/finance/components/time-entry-details-view.tsx(3,5): error TS6133: 'FileText' is declared but its value is never read.
src/features/finance/components/time-entry-details-view.tsx(3,15): error TS6133: 'Calendar' is declared but its value is never read.
src/features/finance/components/time-entry-details-view.tsx(3,25): error TS6133: 'CheckSquare' is declared but its value is never read.
src/features/finance/components/time-entry-details-view.tsx(3,38): error TS6133: 'Clock' is declared but its value is never read.
src/features/finance/components/time-entry-details-view.tsx(3,45): error TS6133: 'MoreHorizontal' is declared but its value is never read.
src/features/finance/components/time-entry-details-view.tsx(3,61): error TS6133: 'Plus' is declared but its value is never read.
src/features/finance/components/time-entry-details-view.tsx(3,67): error TS6133: 'Upload' is declared but its value is never read.
src/features/finance/components/time-entry-details-view.tsx(5,22): error TS6133: 'LinkIcon' is declared but its value is never read.
src/features/finance/components/time-entry-details-view.tsx(5,32): error TS6133: 'Flag' is declared but its value is never read.
src/features/finance/components/time-entry-details-view.tsx(5,38): error TS6133: 'Send' is declared but its value is never read.
src/features/finance/components/time-entry-details-view.tsx(5,44): error TS6133: 'Eye' is declared but its value is never read.
src/features/finance/components/time-entry-details-view.tsx(5,49): error TS6133: 'Download' is declared but its value is never read.
src/features/finance/components/time-entry-details-view.tsx(6,5): error TS6133: 'CreditCard' is declared but its value is never read.
src/features/finance/components/time-entry-details-view.tsx(6,17): error TS6133: 'DollarSign' is declared but its value is never read.
src/features/finance/components/time-entry-details-view.tsx(6,29): error TS6133: 'CheckCircle2' is declared but its value is never read.
src/features/finance/components/time-entry-details-view.tsx(6,43): error TS6133: 'AlertCircle' is declared but its value is never read.
src/features/finance/components/time-entry-details-view.tsx(11,1): error TS6192: All imports in import declaration are unused.
src/features/finance/components/time-entry-details-view.tsx(13,1): error TS6192: All imports in import declaration are unused.
src/features/finance/components/time-entry-details-view.tsx(14,1): error TS6133: 'Textarea' is declared but its value is never read.
src/features/finance/components/transaction-details-view.tsx(1,1): error TS6133: 'useState' is declared but its value is never read.
src/features/finance/components/transaction-details-view.tsx(3,5): error TS6133: 'FileText' is declared but its value is never read.
src/features/finance/components/transaction-details-view.tsx(3,25): error TS6133: 'CheckSquare' is declared but its value is never read.
src/features/finance/components/transaction-details-view.tsx(3,38): error TS6133: 'Clock' is declared but its value is never read.
src/features/finance/components/transaction-details-view.tsx(3,45): error TS6133: 'MoreHorizontal' is declared but its value is never read.
src/features/finance/components/transaction-details-view.tsx(3,61): error TS6133: 'Plus' is declared but its value is never read.
src/features/finance/components/transaction-details-view.tsx(3,67): error TS6133: 'Upload' is declared but its value is never read.
src/features/finance/components/transaction-details-view.tsx(4,5): error TS6133: 'User' is declared but its value is never read.
src/features/finance/components/transaction-details-view.tsx(4,22): error TS6133: 'Briefcase' is declared but its value is never read.
src/features/finance/components/transaction-details-view.tsx(5,22): error TS6133: 'LinkIcon' is declared but its value is never read.
src/features/finance/components/transaction-details-view.tsx(5,32): error TS6133: 'Flag' is declared but its value is never read.
src/features/finance/components/transaction-details-view.tsx(5,38): error TS6133: 'Send' is declared but its value is never read.
src/features/finance/components/transaction-details-view.tsx(5,44): error TS6133: 'Eye' is declared but its value is never read.
src/features/finance/components/transaction-details-view.tsx(5,49): error TS6133: 'Download' is declared but its value is never read.
src/features/finance/components/transaction-details-view.tsx(6,17): error TS6133: 'DollarSign' is declared but its value is never read.
src/features/finance/components/transaction-details-view.tsx(6,29): error TS6133: 'CheckCircle2' is declared but its value is never read.
src/features/finance/components/transaction-details-view.tsx(6,43): error TS6133: 'AlertCircle' is declared but its value is never read.
src/features/finance/components/transaction-details-view.tsx(11,1): error TS6192: All imports in import declaration are unused.
src/features/finance/components/transaction-details-view.tsx(13,1): error TS6192: All imports in import declaration are unused.
src/features/finance/components/transaction-details-view.tsx(14,1): error TS6133: 'Textarea' is declared but its value is never read.
src/features/tasks/components/event-details-view.tsx(3,39): error TS6133: 'Users' is declared but its value is never read.
src/features/tasks/components/event-details-view.tsx(3,46): error TS6133: 'Video' is declared but its value is never read.
src/features/tasks/components/event-details-view.tsx(3,53): error TS6133: 'MoreHorizontal' is declared but its value is never read.
src/features/tasks/components/event-details-view.tsx(4,5): error TS6133: 'User' is declared but its value is never read.
src/features/tasks/components/event-details-view.tsx(5,32): error TS6133: 'Flag' is declared but its value is never read.
src/features/tasks/components/event-details-view.tsx(12,34): error TS6133: 'AvatarImage' is declared but its value is never read.
src/features/tasks/components/reminder-details-view.tsx(3,12): error TS6133: 'AlertCircle' is declared but its value is never read.
src/features/tasks/components/reminder-details-view.tsx(3,25): error TS6133: 'MoreHorizontal' is declared but its value is never read.
src/features/tasks/components/reminder-details-view.tsx(4,5): error TS6133: 'User' is declared but its value is never read.
src/features/tasks/components/reminder-details-view.tsx(5,22): error TS6133: 'LinkIcon' is declared but its value is never read.
src/features/tasks/components/reminder-details-view.tsx(12,34): error TS6133: 'AvatarImage' is declared but its value is never read.
src/features/tasks/components/task-details-view.tsx(3,5): error TS6133: 'FileText' is declared but its value is never read.
src/features/tasks/components/task-details-view.tsx(3,38): error TS6133: 'Clock' is declared but its value is never read.
src/features/tasks/components/tasks-sidebar.tsx(2,52): error TS6133: 'CalendarIcon' is declared but its value is never read.
src/features/tasks/components/tasks-table.tsx(31,27): error TS2345: Argument of type '"/_authenticated/tasks/"' is not assignable to parameter of type 'ConstrainLiteral<"/_authenticated/tasks/", "__root__" | "/_authenticated" | "/time-entries" | "/tasks" | "/task-details" | "/statements-history" | "/reminders" | "/legal-tasks" | "/invoices" | ... 70 more ... | "/_authenticated/dashboard/finance/activity/$activityId">'.
src/features/tasks/components/tasks-table.tsx(59,5): error TS2322: Type 'UseNavigateResult<never>' is not assignable to type 'NavigateFn'.
  Types of parameters '__0' and 'opts' are incompatible.
    Type '{ search: true | SearchRecord | ((prev: SearchRecord) => SearchRecord | Partial<SearchRecord>); replace?: boolean | undefined; }' is not assignable to type 'NavigateOptions<RouterCore<Route<Register, any, "/", "/", string, "__root__", undefined, {}, { queryClient: QueryClient; }, AnyContext, AnyContext, ... 6 more ..., undefined>, "never", false, RouterHistory, Record<...>>, never, string | undefined, never, "">'.
      Type '{ search: true | SearchRecord | ((prev: SearchRecord) => SearchRecord | Partial<SearchRecord>); replace?: boolean | undefined; }' is not assignable to type 'MakeOptionalSearchParams<RouterCore<Route<Register, any, "/", "/", string, "__root__", undefined, {}, { queryClient: QueryClient; }, AnyContext, AnyContext, ... 6 more ..., undefined>, "never", false, RouterHistory, Record<...>>, never, string | undefined>'.
        Types of property 'search' are incompatible.
          Type 'true | SearchRecord | ((prev: SearchRecord) => SearchRecord | Partial<SearchRecord>)' is not assignable to type 'true | ParamsReducerFn<RouterCore<Route<Register, any, "/", "/", string, "__root__", undefined, {}, { queryClient: QueryClient; }, AnyContext, AnyContext, ... 6 more ..., undefined>, "never", false, RouterHistory, Record<...>>, "SEARCH", never, string | undefined> | undefined'.
            Type 'SearchRecord' is not assignable to type 'true | ParamsReducerFn<RouterCore<Route<Register, any, "/", "/", string, "__root__", undefined, {}, { queryClient: QueryClient; }, AnyContext, AnyContext, ... 6 more ..., undefined>, "never", false, RouterHistory, Record<...>>, "SEARCH", never, string | undefined> | undefined'.
